In file included from [01m[K./include/okapi/api/control/async/asyncPosIntegratedController.hpp:12:0[m[K,
                 from [01m[K./include/okapi/api/chassis/controller/chassisControllerIntegrated.hpp:11[m[K,
                 from [01m[K./include/okapi/api.hpp:10[m[K,
                 from [01m[K./include/main.h:39[m[K,
                 from [01m[Ksrc/autonomous.cpp:1[m[K:
[01m[K./include/okapi/api/util/logging.hpp:27:31:[m[K [01;31m[Kerror: [m[K'[01m[Kstd::string_view[m[K' has not been declared
                          std::[01;31m[Kstring_view[m[K filename,
                               [01;31m[K^~~~~~~~~~~[m[K
[01m[K./include/okapi/api/util/logging.hpp:53:19:[m[K [01;31m[Kerror: [m[K'[01m[Kstd::string_view[m[K' has not been declared
   void debug(std::[01;31m[Kstring_view[m[K message) const noexcept;
                   [01;31m[K^~~~~~~~~~~[m[K
[01m[K./include/okapi/api/util/logging.hpp:55:18:[m[K [01;31m[Kerror: [m[K'[01m[Kstd::string_view[m[K' has not been declared
   void info(std::[01;31m[Kstring_view[m[K message) const noexcept;
                  [01;31m[K^~~~~~~~~~~[m[K
[01m[K./include/okapi/api/util/logging.hpp:57:18:[m[K [01;31m[Kerror: [m[K'[01m[Kstd::string_view[m[K' has not been declared
   void warn(std::[01;31m[Kstring_view[m[K message) const noexcept;
                  [01;31m[K^~~~~~~~~~~[m[K
[01m[K./include/okapi/api/util/logging.hpp:59:19:[m[K [01;31m[Kerror: [m[K'[01m[Kstd::string_view[m[K' has not been declared
   void error(std::[01;31m[Kstring_view[m[K message) const noexcept;
                   [01;31m[K^~~~~~~~~~~[m[K
In file included from [01m[K./include/okapi/impl/chassis/controller/chassisControllerFactory.hpp:14:0[m[K,
                 from [01m[K./include/okapi/api.hpp:17[m[K,
                 from [01m[K./include/main.h:39[m[K,
                 from [01m[Ksrc/autonomous.cpp:1[m[K:
[01m[K./include/okapi/api/util/mathUtil.hpp:[m[K In function '[01m[Kconstexpr double okapi::deadband(double, double, double)[m[K':
[01m[K./include/okapi/api/util/mathUtil.hpp:79:10:[m[K [01;31m[Kerror: [m[K'[01m[Kclamp[m[K' is not a member of '[01m[Kstd[m[K'
   return [01;31m[Kstd[m[K::clamp(value, min, max) == value ? 0 : value;
          [01;31m[K^~~[m[K
In file included from [01m[K./include/okapi/api.hpp:17:0[m[K,
                 from [01m[K./include/main.h:39[m[K,
                 from [01m[Ksrc/autonomous.cpp:1[m[K:
[01m[K./include/okapi/impl/chassis/controller/chassisControllerFactory.hpp:[m[K In static member function '[01m[Kstatic auto okapi::ChassisControllerFactory::create(okapi::Motor, okapi::Motor, okapi::AbstractMotor::GearsetRatioPair, const okapi::ChassisScales&, const okapi::TimeUtil&)[m[K':
[01m[K./include/okapi/impl/chassis/controller/chassisControllerFactory.hpp:47:97:[m[K [01;31m[Kerror: [m[Kuse of deleted function '[01m[Kokapi::ChassisControllerIntegrated::ChassisControllerIntegrated(okapi::ChassisControllerIntegrated&&)[m[K'
       okapi_##driveType##Body(motorType), okapi_##driveType##SensorBody, okapi_makeCreateEndBody[01;31m[K)[m[K; \
                                                                                                 [01;31m[K^[m[K
[01m[K./include/okapi/impl/chassis/controller/chassisControllerFactory.hpp:51:3:[m[K [01;36m[Knote: [m[Kin expansion of macro '[01m[Kokapi_makeCreateIntImpl[m[K'
   [01;36m[Kokapi_makeCreateIntImpl[m[K(tank, motorType, methodName);                                            \
   [01;36m[K^~~~~~~~~~~~~~~~~~~~~~~[m[K
[01m[K./include/okapi/impl/chassis/controller/chassisControllerFactory.hpp:55:3:[m[K [01;36m[Knote: [m[Kin expansion of macro '[01m[Kokapi_makeCreateIntImpl2[m[K'
   [01;36m[Kokapi_makeCreateIntImpl2[m[K(motorType, create);                                                     \
   [01;36m[K^~~~~~~~~~~~~~~~~~~~~~~~[m[K
[01m[K./include/okapi/impl/chassis/controller/chassisControllerFactory.hpp:133:3:[m[K [01;36m[Knote: [m[Kin expansion of macro '[01m[Kokapi_makeCreateInt[m[K'
   [01;36m[Kokapi_makeCreateInt[m[K(motorType);                                                                  \
   [01;36m[K^~~~~~~~~~~~~~~~~~~[m[K
[01m[K./include/okapi/impl/chassis/controller/chassisControllerFactory.hpp:221:3:[m[K [01;36m[Knote: [m[Kin expansion of macro '[01m[Kokapi_makeCreateAll[m[K'
   [01;36m[Kokapi_makeCreateAll[m[K(Motor);
   [01;36m[K^~~~~~~~~~~~~~~~~~~[m[K
In file included from [01m[K./include/okapi/api.hpp:10:0[m[K,
                 from [01m[K./include/main.h:39[m[K,
                 from [01m[Ksrc/autonomous.cpp:1[m[K:
[01m[K./include/okapi/api/chassis/controller/chassisControllerIntegrated.hpp:16:7:[m[K [01;36m[Knote: [m[K'[01m[Kokapi::ChassisControllerIntegrated::ChassisControllerIntegrated(okapi::ChassisControllerIntegrated&&)[m[K' is implicitly deleted because the default definition would be ill-formed:
 class [01;36m[KChassisControllerIntegrated[m[K : public virtual ChassisController {
       [01;36m[K^~~~~~~~~~~~~~~~~~~~~~~~~~~[m[K
[01m[K./include/okapi/api/chassis/controller/chassisControllerIntegrated.hpp:16:7:[m[K [01;31m[Kerror: [m[Kuse of deleted function '[01m[Kokapi::ChassisController::ChassisController(const okapi::ChassisController&)[m[K'
In file included from [01m[K./include/okapi/api/chassis/controller/chassisControllerIntegrated.hpp:10:0[m[K,
                 from [01m[K./include/okapi/api.hpp:10[m[K,
                 from [01m[K./include/main.h:39[m[K,
                 from [01m[Ksrc/autonomous.cpp:1[m[K:
[01m[K./include/okapi/api/chassis/controller/chassisController.hpp:19:7:[m[K [01;36m[Knote: [m[K'[01m[Kokapi::ChassisController::ChassisController(const okapi::ChassisController&)[m[K' is implicitly deleted because the default definition would be ill-formed:
 class [01;36m[KChassisController[m[K : public ChassisModel {
       [01;36m[K^~~~~~~~~~~~~~~~~[m[K
[01m[K./include/okapi/api/chassis/controller/chassisController.hpp:19:7:[m[K [01;31m[Kerror: [m[Kuse of deleted function '[01m[Kokapi::ChassisModel::ChassisModel(const okapi::ChassisModel&)[m[K'
In file included from [01m[K./include/okapi/api/chassis/controller/chassisController.hpp:11:0[m[K,
                 from [01m[K./include/okapi/api/chassis/controller/chassisControllerIntegrated.hpp:10[m[K,
                 from [01m[K./include/okapi/api.hpp:10[m[K,
                 from [01m[K./include/main.h:39[m[K,
                 from [01m[Ksrc/autonomous.cpp:1[m[K:
[01m[K./include/okapi/api/chassis/model/chassisModel.hpp:26:3:[m[K [01;36m[Knote: [m[Kdeclared here
   [01;36m[KChassisModel[m[K(const ChassisModel &) = delete;
   [01;36m[K^~~~~~~~~~~~[m[K
In file included from [01m[K./include/okapi/api.hpp:17:0[m[K,
                 from [01m[K./include/main.h:39[m[K,
                 from [01m[Ksrc/autonomous.cpp:1[m[K:
[01m[K./include/okapi/impl/chassis/controller/chassisControllerFactory.hpp:[m[K In static member function '[01m[Kstatic auto okapi::ChassisControllerFactory::create(okapi::Motor, okapi::Motor, okapi::Motor, okapi::Motor, okapi::AbstractMotor::GearsetRatioPair, const okapi::ChassisScales&, const okapi::TimeUtil&)[m[K':
[01m[K./include/okapi/impl/chassis/controller/chassisControllerFactory.hpp:47:97:[m[K [01;31m[Kerror: [m[Kuse of deleted function '[01m[Kokapi::ChassisControllerIntegrated::ChassisControllerIntegrated(okapi::ChassisControllerIntegrated&&)[m[K'
       okapi_##driveType##Body(motorType), okapi_##driveType##SensorBody, okapi_makeCreateEndBody[01;31m[K)[m[K; \
                                                                                                 [01;31m[K^[m[K
[01m[K./include/okapi/impl/chassis/controller/chassisControllerFactory.hpp:52:3:[m[K [01;36m[Knote: [m[Kin expansion of macro '[01m[Kokapi_makeCreateIntImpl[m[K'
   [01;36m[Kokapi_makeCreateIntImpl[m[K(xdrive, motorType, methodName)
   [01;36m[K^~~~~~~~~~~~~~~~~~~~~~~[m[K
[01m[K./include/okapi/impl/chassis/controller/chassisControllerFactory.hpp:55:3:[m[K [01;36m[Knote: [m[Kin expansion of macro '[01m[Kokapi_makeCreateIntImpl2[m[K'
   [01;36m[Kokapi_makeCreateIntImpl2[m[K(motorType, create);                                                     \
   [01;36m[K^~~~~~~~~~~~~~~~~~~~~~~~[m[K
[01m[K./include/okapi/impl/chassis/controller/chassisControllerFactory.hpp:133:3:[m[K [01;36m[Knote: [m[Kin expansion of macro '[01m[Kokapi_makeCreateInt[m[K'
   [01;36m[Kokapi_makeCreateInt[m[K(motorType);                                                                  \
   [01;36m[K^~~~~~~~~~~~~~~~~~~[m[K
[01m[K./include/okapi/impl/chassis/controller/chassisControllerFactory.hpp:221:3:[m[K [01;36m[Knote: [m[Kin expansion of macro '[01m[Kokapi_makeCreateAll[m[K'
   [01;36m[Kokapi_makeCreateAll[m[K(Motor);
   [01;36m[K^~~~~~~~~~~~~~~~~~~[m[K
[01m[K./include/okapi/impl/chassis/controller/chassisControllerFactory.hpp:[m[K In static member function '[01m[Kstatic auto okapi::ChassisControllerFactory::create(okapi::MotorGroup, okapi::MotorGroup, okapi::AbstractMotor::GearsetRatioPair, const okapi::ChassisScales&, const okapi::TimeUtil&)[m[K':
[01m[K./include/okapi/impl/chassis/controller/chassisControllerFactory.hpp:47:97:[m[K [01;31m[Kerror: [m[Kuse of deleted function '[01m[Kokapi::ChassisControllerIntegrated::ChassisControllerIntegrated(okapi::ChassisControllerIntegrated&&)[m[K'
       okapi_##driveType##Body(motorType), okapi_##driveType##SensorBody, okapi_makeCreateEndBody[01;31m[K)[m[K; \
                                                                                                 [01;31m[K^[m[K
[01m[K./include/okapi/impl/chassis/controller/chassisControllerFactory.hpp:51:3:[m[K [01;36m[Knote: [m[Kin expansion of macro '[01m[Kokapi_makeCreateIntImpl[m[K'
   [01;36m[Kokapi_makeCreateIntImpl[m[K(tank, motorType, methodName);                                            \
   [01;36m[K^~~~~~~~~~~~~~~~~~~~~~~[m[K
[01m[K./include/okapi/impl/chassis/controller/chassisControllerFactory.hpp:55:3:[m[K [01;36m[Knote: [m[Kin expansion of macro '[01m[Kokapi_makeCreateIntImpl2[m[K'
   [01;36m[Kokapi_makeCreateIntImpl2[m[K(motorType, create);                                                     \
   [01;36m[K^~~~~~~~~~~~~~~~~~~~~~~~[m[K
[01m[K./include/okapi/impl/chassis/controller/chassisControllerFactory.hpp:133:3:[m[K [01;36m[Knote: [m[Kin expansion of macro '[01m[Kokapi_makeCreateInt[m[K'
   [01;36m[Kokapi_makeCreateInt[m[K(motorType);                                                                  \
   [01;36m[K^~~~~~~~~~~~~~~~~~~[m[K
[01m[K./include/okapi/impl/chassis/controller/chassisControllerFactory.hpp:222:3:[m[K [01;36m[Knote: [m[Kin expansion of macro '[01m[Kokapi_makeCreateAll[m[K'
   [01;36m[Kokapi_makeCreateAll[m[K(MotorGroup);
   [01;36m[K^~~~~~~~~~~~~~~~~~~[m[K
[01m[K./include/okapi/impl/chassis/controller/chassisControllerFactory.hpp:[m[K In static member function '[01m[Kstatic auto okapi::ChassisControllerFactory::create(okapi::MotorGroup, okapi::MotorGroup, okapi::MotorGroup, okapi::MotorGroup, okapi::AbstractMotor::GearsetRatioPair, const okapi::ChassisScales&, const okapi::TimeUtil&)[m[K':
[01m[K./include/okapi/impl/chassis/controller/chassisControllerFactory.hpp:47:97:[m[K [01;31m[Kerror: [m[Kuse of deleted function '[01m[Kokapi::ChassisControllerIntegrated::ChassisControllerIntegrated(okapi::ChassisControllerIntegrated&&)[m[K'
       okapi_##driveType##Body(motorType), okapi_##driveType##SensorBody, okapi_makeCreateEndBody[01;31m[K)[m[K; \
                                                                                                 [01;31m[K^[m[K
[01m[K./include/okapi/impl/chassis/controller/chassisControllerFactory.hpp:52:3:[m[K [01;36m[Knote: [m[Kin expansion of macro '[01m[Kokapi_makeCreateIntImpl[m[K'
   [01;36m[Kokapi_makeCreateIntImpl[m[K(xdrive, motorType, methodName)
   [01;36m[K^~~~~~~~~~~~~~~~~~~~~~~[m[K
[01m[K./include/okapi/impl/chassis/controller/chassisControllerFactory.hpp:55:3:[m[K [01;36m[Knote: [m[Kin expansion of macro '[01m[Kokapi_makeCreateIntImpl2[m[K'
   [01;36m[Kokapi_makeCreateIntImpl2[m[K(motorType, create);                                                     \
   [01;36m[K^~~~~~~~~~~~~~~~~~~~~~~~[m[K
[01m[K./include/okapi/impl/chassis/controller/chassisControllerFactory.hpp:133:3:[m[K [01;36m[Knote: [m[Kin expansion of macro '[01m[Kokapi_makeCreateInt[m[K'
   [01;36m[Kokapi_makeCreateInt[m[K(motorType);                                                                  \
   [01;36m[K^~~~~~~~~~~~~~~~~~~[m[K
[01m[K./include/okapi/impl/chassis/controller/chassisControllerFactory.hpp:222:3:[m[K [01;36m[Knote: [m[Kin expansion of macro '[01m[Kokapi_makeCreateAll[m[K'
   [01;36m[Kokapi_makeCreateAll[m[K(MotorGroup);
   [01;36m[K^~~~~~~~~~~~~~~~~~~[m[K
[01m[K./include/okapi/impl/chassis/controller/chassisControllerFactory.hpp:[m[K In static member function '[01m[Kstatic okapi::ChassisControllerIntegrated okapi::ChassisControllerFactory::create(const std::shared_ptr<okapi::AbstractMotor>&, const std::shared_ptr<okapi::AbstractMotor>&, const std::shared_ptr<okapi::ContinuousRotarySensor>&, const std::shared_ptr<okapi::ContinuousRotarySensor>&, okapi::AbstractMotor::GearsetRatioPair, const okapi::ChassisScales&, const okapi::TimeUtil&)[m[K':
[01m[K./include/okapi/impl/chassis/controller/chassisControllerFactory.hpp:175:14:[m[K [01;31m[Kerror: [m[Kuse of deleted function '[01m[Kokapi::ChassisControllerIntegrated::ChassisControllerIntegrated(okapi::ChassisControllerIntegrated&&)[m[K'
       iscales[01;31m[K)[m[K;                                                                                    \
              [01;31m[K^[m[K
[01m[K./include/okapi/impl/chassis/controller/chassisControllerFactory.hpp:179:3:[m[K [01;36m[Knote: [m[Kin expansion of macro '[01m[Kokapi_makeCreateBaseIntImpl[m[K'
   [01;36m[Kokapi_makeCreateBaseIntImpl[m[K(returnType, allocateExpr, methodName, baseTank, SkidSteerModel);     \
   [01;36m[K^~~~~~~~~~~~~~~~~~~~~~~~~~~[m[K
[01m[K./include/okapi/impl/chassis/controller/chassisControllerFactory.hpp:224:3:[m[K [01;36m[Knote: [m[Kin expansion of macro '[01m[Kokapi_makeCreateBaseInt[m[K'
   [01;36m[Kokapi_makeCreateBaseInt[m[K(ChassisControllerIntegrated, ChassisControllerIntegrated, create);
   [01;36m[K^~~~~~~~~~~~~~~~~~~~~~~[m[K
[01m[K./include/okapi/impl/chassis/controller/chassisControllerFactory.hpp:[m[K In static member function '[01m[Kstatic okapi::ChassisControllerIntegrated okapi::ChassisControllerFactory::create(const std::shared_ptr<okapi::AbstractMotor>&, const std::shared_ptr<okapi::AbstractMotor>&, const std::shared_ptr<okapi::AbstractMotor>&, const std::shared_ptr<okapi::AbstractMotor>&, const std::shared_ptr<okapi::ContinuousRotarySensor>&, const std::shared_ptr<okapi::ContinuousRotarySensor>&, okapi::AbstractMotor::GearsetRatioPair, const okapi::ChassisScales&, const okapi::TimeUtil&)[m[K':
[01m[K./include/okapi/impl/chassis/controller/chassisControllerFactory.hpp:175:14:[m[K [01;31m[Kerror: [m[Kuse of deleted function '[01m[Kokapi::ChassisControllerIntegrated::ChassisControllerIntegrated(okapi::ChassisControllerIntegrated&&)[m[K'
       iscales[01;31m[K)[m[K;                                                                                    \
              [01;31m[K^[m[K
[01m[K./include/okapi/impl/chassis/controller/chassisControllerFactory.hpp:180:3:[m[K [01;36m[Knote: [m[Kin expansion of macro '[01m[Kokapi_makeCreateBaseIntImpl[m[K'
   [01;36m[Kokapi_makeCreateBaseIntImpl[m[K(returnType, allocateExpr, methodName, baseXdrive, XDriveModel)
   [01;36m[K^~~~~~~~~~~~~~~~~~~~~~~~~~~[m[K
[01m[K./include/okapi/impl/chassis/controller/chassisControllerFactory.hpp:224:3:[m[K [01;36m[Knote: [m[Kin expansion of macro '[01m[Kokapi_makeCreateBaseInt[m[K'
   [01;36m[Kokapi_makeCreateBaseInt[m[K(ChassisControllerIntegrated, ChassisControllerIntegrated, create);
   [01;36m[K^~~~~~~~~~~~~~~~~~~~~~~[m[K
In file included from [01m[K./include/okapi/api/control/async/asyncPosPidController.hpp:11:0[m[K,
                 from [01m[K./include/okapi/api.hpp:23[m[K,
                 from [01m[K./include/main.h:39[m[K,
                 from [01m[Ksrc/autonomous.cpp:1[m[K:
[01m[K./include/okapi/api/control/async/asyncWrapper.hpp:[m[K In member function '[01m[Kvoid okapi::AsyncWrapper<Input, Output>::reset()[m[K':
[01m[K./include/okapi/api/control/async/asyncWrapper.hpp:160:39:[m[K [01;31m[Kerror: [m[Kno matching function for call to '[01m[Kokapi::Logger::info(const char [20])[m[K'
     logger->info("AsyncWrapper: Reset"[01;31m[K)[m[K;
                                       [01;31m[K^[m[K
In file included from [01m[K./include/okapi/api/control/async/asyncPosIntegratedController.hpp:12:0[m[K,
                 from [01m[K./include/okapi/api/chassis/controller/chassisControllerIntegrated.hpp:11[m[K,
                 from [01m[K./include/okapi/api.hpp:10[m[K,
                 from [01m[K./include/main.h:39[m[K,
                 from [01m[Ksrc/autonomous.cpp:1[m[K:
[01m[K./include/okapi/api/util/logging.hpp:55:8:[m[K [01;36m[Knote: [m[Kcandidate: void okapi::Logger::info(int) const <near match>
   void [01;36m[Kinfo[m[K(std::string_view message) const noexcept;
        [01;36m[K^~~~[m[K
[01m[K./include/okapi/api/util/logging.hpp:55:8:[m[K [01;36m[Knote: [m[K  conversion of argument 1 would be ill-formed:
In file included from [01m[K./include/okapi/api/control/async/asyncPosPidController.hpp:11:0[m[K,
                 from [01m[K./include/okapi/api.hpp:23[m[K,
                 from [01m[K./include/main.h:39[m[K,
                 from [01m[Ksrc/autonomous.cpp:1[m[K:
[01m[K./include/okapi/api/control/async/asyncWrapper.hpp:[m[K In member function '[01m[Kvoid okapi::AsyncWrapper<Input, Output>::flipDisable(bool)[m[K':
[01m[K./include/okapi/api/control/async/asyncWrapper.hpp:182:76:[m[K [01;31m[Kerror: [m[Kno matching function for call to '[01m[Kokapi::Logger::info(std::__cxx11::basic_string<char>)[m[K'
     logger->info("AsyncWrapper: flipDisable " + std::to_string(iisDisabled)[01;31m[K)[m[K;
                                                                            [01;31m[K^[m[K
In file included from [01m[K./include/okapi/api/control/async/asyncPosIntegratedController.hpp:12:0[m[K,
                 from [01m[K./include/okapi/api/chassis/controller/chassisControllerIntegrated.hpp:11[m[K,
                 from [01m[K./include/okapi/api.hpp:10[m[K,
                 from [01m[K./include/main.h:39[m[K,
                 from [01m[Ksrc/autonomous.cpp:1[m[K:
[01m[K./include/okapi/api/util/logging.hpp:55:8:[m[K [01;36m[Knote: [m[Kcandidate: void okapi::Logger::info(int) const
   void [01;36m[Kinfo[m[K(std::string_view message) const noexcept;
        [01;36m[K^~~~[m[K
[01m[K./include/okapi/api/util/logging.hpp:55:8:[m[K [01;36m[Knote: [m[K  no known conversion for argument 1 from '[01m[Kstd::__cxx11::basic_string<char>[m[K' to '[01m[Kint[m[K'
In file included from [01m[K./include/okapi/api/control/async/asyncPosPidController.hpp:11:0[m[K,
                 from [01m[K./include/okapi/api.hpp:23[m[K,
                 from [01m[K./include/main.h:39[m[K,
                 from [01m[Ksrc/autonomous.cpp:1[m[K:
[01m[K./include/okapi/api/control/async/asyncWrapper.hpp:[m[K In member function '[01m[Kvoid okapi::AsyncWrapper<Input, Output>::waitUntilSettled()[m[K':
[01m[K./include/okapi/api/control/async/asyncWrapper.hpp:201:51:[m[K [01;31m[Kerror: [m[Kno matching function for call to '[01m[Kokapi::Logger::info(const char [32])[m[K'
     logger->info("AsyncWrapper: Waiting to settle"[01;31m[K)[m[K;
                                                   [01;31m[K^[m[K
In file included from [01m[K./include/okapi/api/control/async/asyncPosIntegratedController.hpp:12:0[m[K,
                 from [01m[K./include/okapi/api/chassis/controller/chassisControllerIntegrated.hpp:11[m[K,
                 from [01m[K./include/okapi/api.hpp:10[m[K,
                 from [01m[K./include/main.h:39[m[K,
                 from [01m[Ksrc/autonomous.cpp:1[m[K:
[01m[K./include/okapi/api/util/logging.hpp:55:8:[m[K [01;36m[Knote: [m[Kcandidate: void okapi::Logger::info(int) const <near match>
   void [01;36m[Kinfo[m[K(std::string_view message) const noexcept;
        [01;36m[K^~~~[m[K
[01m[K./include/okapi/api/util/logging.hpp:55:8:[m[K [01;36m[Knote: [m[K  conversion of argument 1 would be ill-formed:
In file included from [01m[K./include/okapi/api/control/async/asyncPosPidController.hpp:11:0[m[K,
                 from [01m[K./include/okapi/api.hpp:23[m[K,
                 from [01m[K./include/main.h:39[m[K,
                 from [01m[Ksrc/autonomous.cpp:1[m[K:
[01m[K./include/okapi/api/control/async/asyncWrapper.hpp:208:56:[m[K [01;31m[Kerror: [m[Kno matching function for call to '[01m[Kokapi::Logger::info(const char [37])[m[K'
     logger->info("AsyncWrapper: Done waiting to settle"[01;31m[K)[m[K;
                                                        [01;31m[K^[m[K
In file included from [01m[K./include/okapi/api/control/async/asyncPosIntegratedController.hpp:12:0[m[K,
                 from [01m[K./include/okapi/api/chassis/controller/chassisControllerIntegrated.hpp:11[m[K,
                 from [01m[K./include/okapi/api.hpp:10[m[K,
                 from [01m[K./include/main.h:39[m[K,
                 from [01m[Ksrc/autonomous.cpp:1[m[K:
[01m[K./include/okapi/api/util/logging.hpp:55:8:[m[K [01;36m[Knote: [m[Kcandidate: void okapi::Logger::info(int) const <near match>
   void [01;36m[Kinfo[m[K(std::string_view message) const noexcept;
        [01;36m[K^~~~[m[K
[01m[K./include/okapi/api/util/logging.hpp:55:8:[m[K [01;36m[Knote: [m[K  conversion of argument 1 would be ill-formed:
In file included from [01m[K./include/okapi/api.hpp:32:0[m[K,
                 from [01m[K./include/main.h:39[m[K,
                 from [01m[Ksrc/autonomous.cpp:1[m[K:
[01m[K./include/okapi/api/control/util/controllerRunner.hpp:[m[K In member function '[01m[Kvirtual Output okapi::ControllerRunner<Input, Output>::runUntilSettled(Input, okapi::AsyncController<Input, Output>&)[m[K':
[01m[K./include/okapi/api/control/util/controllerRunner.hpp:40:94:[m[K [01;31m[Kerror: [m[Kno matching function for call to '[01m[Kokapi::Logger::info(const char [75])[m[K'
     logger->info("ControllerRunner: runUntilSettled(AsyncController): Done waiting to settle"[01;31m[K)[m[K;
                                                                                              [01;31m[K^[m[K
In file included from [01m[K./include/okapi/api/control/async/asyncPosIntegratedController.hpp:12:0[m[K,
                 from [01m[K./include/okapi/api/chassis/controller/chassisControllerIntegrated.hpp:11[m[K,
                 from [01m[K./include/okapi/api.hpp:10[m[K,
                 from [01m[K./include/main.h:39[m[K,
                 from [01m[Ksrc/autonomous.cpp:1[m[K:
[01m[K./include/okapi/api/util/logging.hpp:55:8:[m[K [01;36m[Knote: [m[Kcandidate: void okapi::Logger::info(int) const <near match>
   void [01;36m[Kinfo[m[K(std::string_view message) const noexcept;
        [01;36m[K^~~~[m[K
[01m[K./include/okapi/api/util/logging.hpp:55:8:[m[K [01;36m[Knote: [m[K  conversion of argument 1 would be ill-formed:
In file included from [01m[K./include/okapi/api.hpp:32:0[m[K,
                 from [01m[K./include/main.h:39[m[K,
                 from [01m[Ksrc/autonomous.cpp:1[m[K:
[01m[K./include/okapi/api/control/util/controllerRunner.hpp:[m[K In member function '[01m[Kvirtual Output okapi::ControllerRunner<Input, Output>::runUntilSettled(Input, okapi::IterativeController<Input, Output>&, okapi::ControllerOutput<Output>&)[m[K':
[01m[K./include/okapi/api/control/util/controllerRunner.hpp:64:98:[m[K [01;31m[Kerror: [m[Kno matching function for call to '[01m[Kokapi::Logger::info(const char [79])[m[K'
     logger->info("ControllerRunner: runUntilSettled(IterativeController): Done waiting to settle"[01;31m[K)[m[K;
                                                                                                  [01;31m[K^[m[K
In file included from [01m[K./include/okapi/api/control/async/asyncPosIntegratedController.hpp:12:0[m[K,
                 from [01m[K./include/okapi/api/chassis/controller/chassisControllerIntegrated.hpp:11[m[K,
                 from [01m[K./include/okapi/api.hpp:10[m[K,
                 from [01m[K./include/main.h:39[m[K,
                 from [01m[Ksrc/autonomous.cpp:1[m[K:
[01m[K./include/okapi/api/util/logging.hpp:55:8:[m[K [01;36m[Knote: [m[Kcandidate: void okapi::Logger::info(int) const <near match>
   void [01;36m[Kinfo[m[K(std::string_view message) const noexcept;
        [01;36m[K^~~~[m[K
[01m[K./include/okapi/api/util/logging.hpp:55:8:[m[K [01;36m[Knote: [m[K  conversion of argument 1 would be ill-formed:
In file included from [01m[K./include/okapi/api.hpp:32:0[m[K,
                 from [01m[K./include/main.h:39[m[K,
                 from [01m[Ksrc/autonomous.cpp:1[m[K:
[01m[K./include/okapi/api/control/util/controllerRunner.hpp:[m[K In member function '[01m[Kvirtual Output okapi::ControllerRunner<Input, Output>::runUntilAtTarget(Input, okapi::AsyncController<Input, Output>&)[m[K':
[01m[K./include/okapi/api/control/util/controllerRunner.hpp:89:95:[m[K [01;31m[Kerror: [m[Kno matching function for call to '[01m[Kokapi::Logger::info(const char [76])[m[K'
     logger->info("ControllerRunner: runUntilAtTarget(AsyncController): Done waiting to settle"[01;31m[K)[m[K;
                                                                                               [01;31m[K^[m[K
In file included from [01m[K./include/okapi/api/control/async/asyncPosIntegratedController.hpp:12:0[m[K,
                 from [01m[K./include/okapi/api/chassis/controller/chassisControllerIntegrated.hpp:11[m[K,
                 from [01m[K./include/okapi/api.hpp:10[m[K,
                 from [01m[K./include/main.h:39[m[K,
                 from [01m[Ksrc/autonomous.cpp:1[m[K:
[01m[K./include/okapi/api/util/logging.hpp:55:8:[m[K [01;36m[Knote: [m[Kcandidate: void okapi::Logger::info(int) const <near match>
   void [01;36m[Kinfo[m[K(std::string_view message) const noexcept;
        [01;36m[K^~~~[m[K
[01m[K./include/okapi/api/util/logging.hpp:55:8:[m[K [01;36m[Knote: [m[K  conversion of argument 1 would be ill-formed:
In file included from [01m[K./include/okapi/api.hpp:32:0[m[K,
                 from [01m[K./include/main.h:39[m[K,
                 from [01m[Ksrc/autonomous.cpp:1[m[K:
[01m[K./include/okapi/api/control/util/controllerRunner.hpp:[m[K In member function '[01m[Kvirtual Output okapi::ControllerRunner<Input, Output>::runUntilAtTarget(Input, okapi::IterativeController<Input, Output>&, okapi::ControllerOutput<Output>&)[m[K':
[01m[K./include/okapi/api/control/util/controllerRunner.hpp:117:99:[m[K [01;31m[Kerror: [m[Kno matching function for call to '[01m[Kokapi::Logger::info(const char [80])[m[K'
     logger->info("ControllerRunner: runUntilAtTarget(IterativeController): Done waiting to settle"[01;31m[K)[m[K;
                                                                                                   [01;31m[K^[m[K
In file included from [01m[K./include/okapi/api/control/async/asyncPosIntegratedController.hpp:12:0[m[K,
                 from [01m[K./include/okapi/api/chassis/controller/chassisControllerIntegrated.hpp:11[m[K,
                 from [01m[K./include/okapi/api.hpp:10[m[K,
                 from [01m[K./include/main.h:39[m[K,
                 from [01m[Ksrc/autonomous.cpp:1[m[K:
[01m[K./include/okapi/api/util/logging.hpp:55:8:[m[K [01;36m[Knote: [m[Kcandidate: void okapi::Logger::info(int) const <near match>
   void [01;36m[Kinfo[m[K(std::string_view message) const noexcept;
        [01;36m[K^~~~[m[K
[01m[K./include/okapi/api/util/logging.hpp:55:8:[m[K [01;36m[Knote: [m[K  conversion of argument 1 would be ill-formed:
In file included from [01m[K./include/okapi/api/control/async/asyncPosPidController.hpp:11:0[m[K,
                 from [01m[K./include/okapi/api.hpp:23[m[K,
                 from [01m[K./include/main.h:39[m[K,
                 from [01m[Ksrc/autonomous.cpp:1[m[K:
./include/okapi/api/control/async/asyncWrapper.hpp: In instantiation of '[01m[Kvoid okapi::AsyncWrapper<Input, Output>::setTarget(Input) [with Input = double; Output = double][m[K':
[01m[Ksrc/autonomous.cpp:14:20:[m[K   required from here
[01m[K./include/okapi/api/control/async/asyncWrapper.hpp:67:5:[m[K [01;31m[Kerror: [m[Kno matching function for call to '[01m[Kokapi::Logger::info(std::__cxx11::basic_string<char>)[m[K'
     [01;31m[Klogger[m[K->info("AsyncWrapper: Set target to " + std::to_string(itarget));
     [01;31m[K^~~~~~[m[K
In file included from [01m[K./include/okapi/api/control/async/asyncPosIntegratedController.hpp:12:0[m[K,
                 from [01m[K./include/okapi/api/chassis/controller/chassisControllerIntegrated.hpp:11[m[K,
                 from [01m[K./include/okapi/api.hpp:10[m[K,
                 from [01m[K./include/main.h:39[m[K,
                 from [01m[Ksrc/autonomous.cpp:1[m[K:
[01m[K./include/okapi/api/util/logging.hpp:55:8:[m[K [01;36m[Knote: [m[Kcandidate: void okapi::Logger::info(int) const
   void [01;36m[Kinfo[m[K(std::string_view message) const noexcept;
        [01;36m[K^~~~[m[K
[01m[K./include/okapi/api/util/logging.hpp:55:8:[m[K [01;36m[Knote: [m[K  no known conversion for argument 1 from '[01m[Kstd::__cxx11::basic_string<char>[m[K' to '[01m[Kint[m[K'
In file included from [01m[K./include/okapi/api/control/async/asyncPosPidController.hpp:11:0[m[K,
                 from [01m[K./include/okapi/api.hpp:23[m[K,
                 from [01m[K./include/main.h:39[m[K,
                 from [01m[Ksrc/autonomous.cpp:1[m[K:
./include/okapi/api/control/async/asyncWrapper.hpp: In instantiation of '[01m[Kvoid okapi::AsyncWrapper<Input, Output>::flipDisable() [with Input = double; Output = double][m[K':
[01m[Ksrc/autonomous.cpp:14:20:[m[K   required from here
[01m[K./include/okapi/api/control/async/asyncWrapper.hpp:170:5:[m[K [01;31m[Kerror: [m[Kno matching function for call to '[01m[Kokapi::Logger::info(std::__cxx11::basic_string<char>)[m[K'
     [01;31m[Klogger[m[K->info("AsyncWrapper: flipDisable " + std::to_string(!controller->isDisabled()));
     [01;31m[K^~~~~~[m[K
In file included from [01m[K./include/okapi/api/control/async/asyncPosIntegratedController.hpp:12:0[m[K,
                 from [01m[K./include/okapi/api/chassis/controller/chassisControllerIntegrated.hpp:11[m[K,
                 from [01m[K./include/okapi/api.hpp:10[m[K,
                 from [01m[K./include/main.h:39[m[K,
                 from [01m[Ksrc/autonomous.cpp:1[m[K:
[01m[K./include/okapi/api/util/logging.hpp:55:8:[m[K [01;36m[Knote: [m[Kcandidate: void okapi::Logger::info(int) const
   void [01;36m[Kinfo[m[K(std::string_view message) const noexcept;
        [01;36m[K^~~~[m[K
[01m[K./include/okapi/api/util/logging.hpp:55:8:[m[K [01;36m[Knote: [m[K  no known conversion for argument 1 from '[01m[Kstd::__cxx11::basic_string<char>[m[K' to '[01m[Kint[m[K'
